20:43:05 [INFO] -SELECTION- An item has been added to the top of the queue
20:43:06 [INFO] -SELECTION- The cursor has moved to the bottom
20:43:08 [INFO] -SELECTION- An item has been added to the top of the queue
20:43:08 [INFO] -SELECTION- The cursor has moved up
20:43:10 [INFO] -SELECTION- An item has been removed from the queue
20:43:12 [INFO] -SELECTION- A queue has been started
20:43:14 [INFO] -AUDIO TRACK- Audio has started
20:43:16 [INFO] -AUDIO TRACK- Audio has been muted
20:43:17 [INFO] -AUDIO TRACK- Audio has been muted
20:43:17 [INFO] -AUDIO TRACK- Audio has been muted
20:43:17 [INFO] -AUDIO TRACK- Audio has been muted
20:43:17 [INFO] -AUDIO TRACK- Audio has been unmuted
20:43:21 [INFO] -AUDIO TRACK- Volume has been decreased
20:43:21 [INFO] -AUDIO TRACK- Volume has been decreased
20:43:21 [INFO] -AUDIO TRACK- Volume has been decreased
20:43:22 [INFO] -AUDIO TRACK- Audio has been unmuted
20:43:22 [INFO] -AUDIO TRACK- Audio has been unmuted
20:43:23 [INFO] -AUDIO TRACK- Audio has been muted
20:43:24 [INFO] -QUEUE- looping enabled
20:43:26 [INFO] -AUDIO TRACK- Speed has been increased
20:43:26 [INFO] -AUDIO TRACK- Speed has been increased
20:43:26 [INFO] -AUDIO TRACK- Speed has been increased
20:43:26 [INFO] -AUDIO TRACK- Speed has been increased
20:43:30 [INFO] -UNIVERSAL- The program has been exited
